<?xml version="1.0" encoding="UTF-8"?>
<testsuite name="RectangleTest" tests="1" skipped="0" failures="0" errors="0" timestamp="2021-11-12T10:30:36" hostname="KIRUTHIGAs-MacBook-Pro.local" time="0.029">
  <properties/>
  <testcase name="calculatePerimeterOfRectangle()" classname="RectangleTest" time="0.029"/>
  <system-out><![CDATA[]]></system-out>
  <system-err><![CDATA[]]></system-err>
</testsuite>
